[2025-05-27 16:08:23] ERROR: Rota não encontrada
File: C:\projects\rtp_teste\rtp-hospital-report\src\core\Router.php:26
IP: ::1
User-Agent: Mozilla/5.0 (Windows NT 10.0; Win64; x64) AppleWebKit/537.36 (KHTML, like Gecko) Code/1.100.2 Chrome/132.0.6834.210 Electron/34.5.1 Safari/537.36
Request: /test_charts.html?id=04011329-637a-4a81-9560-d5f044570612&vscodeBrowserReqId=1748372903202
Trace: #0 C:\projects\rtp_teste\rtp-hospital-report\public\index.php(79): Router->dispatch()
#1 {main}
--------------------------------------------------------------------------------
[2025-05-27 16:16:35] ERROR: Rota não encontrada
File: C:\projects\rtp_teste\rtp-hospital-report\src\core\Router.php:26
IP: ::1
User-Agent: Mozilla/5.0 (Windows NT 10.0; Win64; x64) AppleWebKit/537.36 (KHTML, like Gecko) Chrome/136.0.0.0 Safari/537.36
Request: /.well-known/appspecific/com.chrome.devtools.json
Trace: #0 C:\projects\rtp_teste\rtp-hospital-report\public\index.php(79): Router->dispatch()
#1 {main}
--------------------------------------------------------------------------------
[2025-05-27 16:20:01] ERROR: Rota não encontrada
File: C:\projects\rtp_teste\rtp-hospital-report\src\core\Router.php:26
IP: ::1
User-Agent: Mozilla/5.0 (Windows NT 10.0; Win64; x64) AppleWebKit/537.36 (KHTML, like Gecko) Chrome/136.0.0.0 Safari/537.36
Request: /.well-known/appspecific/com.chrome.devtools.json
Trace: #0 C:\projects\rtp_teste\rtp-hospital-report\public\index.php(79): Router->dispatch()
#1 {main}
--------------------------------------------------------------------------------
